Using pre-set license
Built from '2020.3/staging' branch; Version is '2020.3.17f1 (a4537701e4ab) revision 10769271'; Using compiler version '192528614'; Build Type 'Release'
OS: 'Windows 10 Home; OS build 19042.1165; Version 2009; 64bit' Language: 'en' Physical Memory: 16334 MB
BatchMode: 1, IsHumanControllingUs: 0, StartBugReporterOnCrash: 0, Is64bit: 1, IsPro: 0

COMMAND LINE ARGUMENTS:
C:\Program Files\Unity\Hub\Editor\2020.3.17f1\Editor\Unity.exe
-adb2
-batchMode
-noUpm
-name
AssetImportWorker0
-projectPath
C:/Users/Andy/Development/PSX Playground
-logFile
Logs/AssetImportWorker0.log
-srvPort
60763
Successfully changed project path to: C:/Users/Andy/Development/PSX Playground
C:/Users/Andy/Development/PSX Playground
Using Asset Import Pipeline V2.
Refreshing native plugins compatible for Editor in 26.68 ms, found 2 plugins.
Preloading 0 native plugins for Editor in 0.00 ms.
Initialize engine version: 2020.3.17f1 (a4537701e4ab)
[Subsystems] Discovering subsystems at path C:/Program Files/Unity/Hub/Editor/2020.3.17f1/Editor/Data/Resources/UnitySubsystems
[Subsystems] Discovering subsystems at path C:/Users/Andy/Development/PSX Playground/Assets
GfxDevice: creating device client; threaded=0
Direct3D:
    Version:  Direct3D 11.0 [level 11.1]
    Renderer: NVIDIA GeForce RTX 3090 (ID=0x2204)
    Vendor:   
    VRAM:     24348 MB
    Driver:   30.0.14.7111
Initialize mono
Mono path[0] = 'C:/Program Files/Unity/Hub/Editor/2020.3.17f1/Editor/Data/Managed'
Mono path[1] = 'C:/Program Files/Unity/Hub/Editor/2020.3.17f1/Editor/Data/MonoBleedingEdge/lib/mono/unityjit'
Mono config path = 'C:/Program Files/Unity/Hub/Editor/2020.3.17f1/Editor/Data/MonoBleedingEdge/etc'
Using monoOptions --debugger-agent=transport=dt_socket,embedding=1,server=y,suspend=n,address=127.0.0.1:56296
Begin MonoManager ReloadAssembly
Registering precompiled unity dll's ...
Register platform support module: C:/Program Files/Unity/Hub/Editor/2020.3.17f1/Editor/Data/PlaybackEngines/WebGLSupport/UnityEditor.WebGL.Extensions.dll
Register platform support module: C:/Program Files/Unity/Hub/Editor/2020.3.17f1/Editor/Data/PlaybackEngines/WindowsStandaloneSupport/UnityEditor.WindowsStandalone.Extensions.dll
Registered in 0.001802 seconds.
Native extension for WindowsStandalone target not found
Native extension for WebGL target not found
Refreshing native plugins compatible for Editor in 26.07 ms, found 2 plugins.
Preloading 0 native plugins for Editor in 0.00 ms.
Mono: successfully reloaded assembly
- Completed reload, in  0.933 seconds
Domain Reload Profiling:
	ReloadAssembly (933ms)
		BeginReloadAssembly (43ms)
			ExecutionOrderSort (0ms)
			DisableScriptedObjects (0ms)
			BackupInstance (0ms)
			ReleaseScriptingObjects (0ms)
			CreateAndSetChildDomain (1ms)
		EndReloadAssembly (341ms)
			LoadAssemblies (41ms)
			RebuildTransferFunctionScriptingTraits (0ms)
			SetupTypeCache (126ms)
			ReleaseScriptCaches (0ms)
			RebuildScriptCaches (26ms)
			SetupLoadedEditorAssemblies (130ms)
				LogAssemblyErrors (0ms)
				InitializePlatformSupportModulesInManaged (4ms)
				SetLoadedEditorAssemblies (0ms)
				RefreshPlugins (26ms)
				BeforeProcessingInitializeOnLoad (11ms)
				ProcessInitializeOnLoadAttributes (66ms)
				ProcessInitializeOnLoadMethodAttributes (22ms)
				AfterProcessingInitializeOnLoad (0ms)
				EditorAssembliesLoaded (0ms)
			ExecutionOrderSort2 (0ms)
			AwakeInstancesAfterBackupRestoration (0ms)
Platform modules already initialized, skipping
Registering precompiled user dll's ...
Registered in 0.002671 seconds.
Begin MonoManager ReloadAssembly
Native extension for WindowsStandalone target not found
Native extension for WebGL target not found
Refreshing native plugins compatible for Editor in 0.37 ms, found 2 plugins.
Preloading 0 native plugins for Editor in 0.00 ms.
Mono: successfully reloaded assembly
- Completed reload, in  0.905 seconds
Domain Reload Profiling:
	ReloadAssembly (905ms)
		BeginReloadAssembly (126ms)
			ExecutionOrderSort (0ms)
			DisableScriptedObjects (4ms)
			BackupInstance (0ms)
			ReleaseScriptingObjects (0ms)
			CreateAndSetChildDomain (20ms)
		EndReloadAssembly (725ms)
			LoadAssemblies (69ms)
			RebuildTransferFunctionScriptingTraits (0ms)
			SetupTypeCache (221ms)
			ReleaseScriptCaches (1ms)
			RebuildScriptCaches (36ms)
			SetupLoadedEditorAssemblies (322ms)
				LogAssemblyErrors (0ms)
				InitializePlatformSupportModulesInManaged (5ms)
				SetLoadedEditorAssemblies (0ms)
				RefreshPlugins (0ms)
				BeforeProcessingInitializeOnLoad (80ms)
				ProcessInitializeOnLoadAttributes (228ms)
				ProcessInitializeOnLoadMethodAttributes (3ms)
				AfterProcessingInitializeOnLoad (5ms)
				EditorAssembliesLoaded (0ms)
			ExecutionOrderSort2 (0ms)
			AwakeInstancesAfterBackupRestoration (6ms)
Platform modules already initialized, skipping
========================================================================
Worker process is ready to serve import requests
Launched and connected shader compiler UnityShaderCompiler.exe after 0.06 seconds
Refreshing native plugins compatible for Editor in 0.37 ms, found 2 plugins.
Preloading 0 native plugins for Editor in 0.00 ms.
Unloading 1397 Unused Serialized files (Serialized files now loaded: 0)
System memory in use before: 64.9 MB.
System memory in use after: 65.0 MB.

Unloading 18 unused Assets to reduce memory usage. Loaded Objects now: 1830.
Total: 2.811600 ms (FindLiveObjects: 0.168600 ms CreateObjectMapping: 0.034600 ms MarkObjects: 2.539800 ms  DeleteObjects: 0.067200 ms)

AssetImportParameters requested are different than current active one (requested -> active):
  custom:framework-win-MediaFoundation: 216162199b28c13a410421893ffa2e32 -> 
  custom:video-decoder-ogg-theora: a1e56fd34408186e4bbccfd4996cb3dc -> 
  custom:container-muxer-webm: aa71ff27fc2769a1b78a27578f13a17b -> 
  custom:container-demuxer-webm: 4f35f7cbe854078d1ac9338744f61a02 -> 
  custom:container-demuxer-ogg: 62fdf1f143b41e24485cea50d1cbac27 -> 
  custom:video-encoder-webm-vp8: eb34c28f22e8b96e1ab97ce403110664 -> 
  custom:video-decoder-webm-vp8: 9c59270c3fd7afecdb556c50c9e8de78 -> 
  custom:audio-decoder-ogg-vorbis: bf7c407c2cedff20999df2af8eb42d56 -> 
  custom:audio-encoder-webm-vorbis: bf7c407c2cedff20999df2af8eb42d56 -> 
========================================================================
Received Import Request.
  path: Assets/Textures
  artifactKey: Guid(0d0b9502d91be824c902462c25922839) Importer(815301076,1909f56bfc062723c751e8b465ee728b)
Start importing Assets/Textures using Guid(0d0b9502d91be824c902462c25922839) Importer(815301076,1909f56bfc062723c751e8b465ee728b)  -> (artifact id: '1f2f62e9836f876cf9724031d887cbc8') in 0.008713 seconds 
  Import took 0.011065 seconds .

========================================================================
Received Import Request.
  Time since last request: 0.000286 seconds.
  path: Assets/Textures/sbs_tiny_texture_pack_128x128
  artifactKey: Guid(3920c5b40dd40614b9032efae7b37888) Importer(815301076,1909f56bfc062723c751e8b465ee728b)
Start importing Assets/Textures/sbs_tiny_texture_pack_128x128 using Guid(3920c5b40dd40614b9032efae7b37888) Importer(815301076,1909f56bfc062723c751e8b465ee728b)  -> (artifact id: '2eba29266b47ef66782d213f7a1aac5a') in 0.004101 seconds 
  Import took 0.006331 seconds .

========================================================================
Received Prepare
Registering precompiled user dll's ...
Registered in 0.002739 seconds.
Begin MonoManager ReloadAssembly
Native extension for WindowsStandalone target not found
Native extension for WebGL target not found
Refreshing native plugins compatible for Editor in 0.37 ms, found 2 plugins.
Preloading 0 native plugins for Editor in 0.00 ms.
Mono: successfully reloaded assembly
- Completed reload, in  0.846 seconds
Domain Reload Profiling:
	ReloadAssembly (846ms)
		BeginReloadAssembly (101ms)
			ExecutionOrderSort (0ms)
			DisableScriptedObjects (4ms)
			BackupInstance (0ms)
			ReleaseScriptingObjects (0ms)
			CreateAndSetChildDomain (33ms)
		EndReloadAssembly (691ms)
			LoadAssemblies (66ms)
			RebuildTransferFunctionScriptingTraits (0ms)
			SetupTypeCache (219ms)
			ReleaseScriptCaches (1ms)
			RebuildScriptCaches (32ms)
			SetupLoadedEditorAssemblies (291ms)
				LogAssemblyErrors (0ms)
				InitializePlatformSupportModulesInManaged (5ms)
				SetLoadedEditorAssemblies (0ms)
				RefreshPlugins (0ms)
				BeforeProcessingInitializeOnLoad (69ms)
				ProcessInitializeOnLoadAttributes (208ms)
				ProcessInitializeOnLoadMethodAttributes (3ms)
				AfterProcessingInitializeOnLoad (5ms)
				EditorAssembliesLoaded (0ms)
			ExecutionOrderSort2 (0ms)
			AwakeInstancesAfterBackupRestoration (7ms)
Platform modules already initialized, skipping
Refreshing native plugins compatible for Editor in 0.66 ms, found 2 plugins.
Preloading 0 native plugins for Editor in 0.00 ms.
Unloading 1391 Unused Serialized files (Serialized files now loaded: 0)
System memory in use before: 64.7 MB.
System memory in use after: 64.8 MB.

Unloading 13 unused Assets to reduce memory usage. Loaded Objects now: 1832.
Total: 3.208300 ms (FindLiveObjects: 0.212300 ms CreateObjectMapping: 0.035600 ms MarkObjects: 2.929400 ms  DeleteObjects: 0.029400 ms)

AssetImportParameters requested are different than current active one (requested -> active):
  custom:framework-win-MediaFoundation: 216162199b28c13a410421893ffa2e32 -> 
  custom:video-decoder-ogg-theora: a1e56fd34408186e4bbccfd4996cb3dc -> 
  custom:container-muxer-webm: aa71ff27fc2769a1b78a27578f13a17b -> 
  custom:container-demuxer-webm: 4f35f7cbe854078d1ac9338744f61a02 -> 
  custom:container-demuxer-ogg: 62fdf1f143b41e24485cea50d1cbac27 -> 
  custom:video-encoder-webm-vp8: eb34c28f22e8b96e1ab97ce403110664 -> 
  custom:video-decoder-webm-vp8: 9c59270c3fd7afecdb556c50c9e8de78 -> 
  custom:audio-decoder-ogg-vorbis: bf7c407c2cedff20999df2af8eb42d56 -> 
  custom:audio-encoder-webm-vorbis: bf7c407c2cedff20999df2af8eb42d56 -> 
========================================================================
Received Import Request.
  Time since last request: 499.203610 seconds.
  path: Assets/Textures/sbs_tiny_texture_pack_128x128/Bricks
  artifactKey: Guid(40789601167c1eb4a877005af00ddba8) Importer(815301076,1909f56bfc062723c751e8b465ee728b)
Start importing Assets/Textures/sbs_tiny_texture_pack_128x128/Bricks using Guid(40789601167c1eb4a877005af00ddba8) Importer(815301076,1909f56bfc062723c751e8b465ee728b)  -> (artifact id: '8579bb1f3307cc25ae348623fba9e703') in 0.010862 seconds 
  Import took 0.013611 seconds .

========================================================================
Received Import Request.
  Time since last request: 1.094404 seconds.
  path: Assets/Textures/sbs_tiny_texture_pack_128x128/Bricks/Brick 2 - 128x128.png
  artifactKey: Guid(67b6ae093713ada4bb3cc3ff6ed30558) Importer(815301076,1909f56bfc062723c751e8b465ee728b)
Start importing Assets/Textures/sbs_tiny_texture_pack_128x128/Bricks/Brick 2 - 128x128.png using Guid(67b6ae093713ada4bb3cc3ff6ed30558) Importer(815301076,1909f56bfc062723c751e8b465ee728b)  -> (artifact id: 'b60c454bd9e959556473a1be04e35d68') in 0.051009 seconds 
  Import took 0.053445 seconds .

========================================================================
Received Import Request.
  Time since last request: 0.000950 seconds.
  path: Assets/Textures/sbs_tiny_texture_pack_128x128/Bricks/Brick 2 - 128x128.png
  artifactKey: Guid(67b6ae093713ada4bb3cc3ff6ed30558) Importer(815301076,1909f56bfc062723c751e8b465ee728b)
Start importing Assets/Textures/sbs_tiny_texture_pack_128x128/Bricks/Brick 2 - 128x128.png using Guid(67b6ae093713ada4bb3cc3ff6ed30558) Importer(815301076,1909f56bfc062723c751e8b465ee728b)  -> (artifact id: 'b60c454bd9e959556473a1be04e35d68') in 0.009735 seconds 
  Import took 0.012177 seconds .

========================================================================
Received Import Request.
  Time since last request: 57.560737 seconds.
  path: Assets/Materials
  artifactKey: Guid(1f910cb25280d16468a50cf07b3213d4) Importer(815301076,1909f56bfc062723c751e8b465ee728b)
Start importing Assets/Materials using Guid(1f910cb25280d16468a50cf07b3213d4) Importer(815301076,1909f56bfc062723c751e8b465ee728b)  -> (artifact id: 'ffd7e078959a791a52cfa934f3a97da5') in 0.005370 seconds 
  Import took 0.007805 seconds .

========================================================================
Received Import Request.
  Time since last request: 10.682186 seconds.
  path: Assets/Materials/Environment
  artifactKey: Guid(a3c33c3a610e32f46ab3e5e71ed1f4d8) Importer(815301076,1909f56bfc062723c751e8b465ee728b)
Start importing Assets/Materials/Environment using Guid(a3c33c3a610e32f46ab3e5e71ed1f4d8) Importer(815301076,1909f56bfc062723c751e8b465ee728b)  -> (artifact id: '730d113a245da26dd29fbc292b6c8442') in 0.005828 seconds 
  Import took 0.008226 seconds .

========================================================================
Received Import Request.
  Time since last request: 31.734208 seconds.
  path: Assets/Textures/sbs_tiny_texture_pack_128x128/Bricks/Brick 1 - 128x128.png
  artifactKey: Guid(56fa3a28fcf074443a8b83a09437c15b) Importer(815301076,1909f56bfc062723c751e8b465ee728b)
Start importing Assets/Textures/sbs_tiny_texture_pack_128x128/Bricks/Brick 1 - 128x128.png using Guid(56fa3a28fcf074443a8b83a09437c15b) Importer(815301076,1909f56bfc062723c751e8b465ee728b)  -> (artifact id: '9c6ca512fefbe08c8e1b5fc51f7fb481') in 0.012543 seconds 
  Import took 0.014866 seconds .

========================================================================
Received Import Request.
  Time since last request: 4.626145 seconds.
  path: Assets/Textures/sbs_tiny_texture_pack_128x128/Bricks/Brick 18 - 128x128.png
  artifactKey: Guid(d5c2e68919929e7459ad5ce1f57ac48d) Importer(815301076,1909f56bfc062723c751e8b465ee728b)
Start importing Assets/Textures/sbs_tiny_texture_pack_128x128/Bricks/Brick 18 - 128x128.png using Guid(d5c2e68919929e7459ad5ce1f57ac48d) Importer(815301076,1909f56bfc062723c751e8b465ee728b)  -> (artifact id: '08c625d2c2ca954b835755ad7e1fcff2') in 0.023843 seconds 
  Import took 0.026321 seconds .

========================================================================
Received Import Request.
  Time since last request: 337.248210 seconds.
  path: Assets/Textures/sbs_tiny_texture_pack_128x128/Bricks/Brick 22 - 128x128.png
  artifactKey: Guid(4d5afb186616a3743bd8c0a712d148c9) Importer(815301076,1909f56bfc062723c751e8b465ee728b)
Start importing Assets/Textures/sbs_tiny_texture_pack_128x128/Bricks/Brick 22 - 128x128.png using Guid(4d5afb186616a3743bd8c0a712d148c9) Importer(815301076,1909f56bfc062723c751e8b465ee728b)  -> (artifact id: '0b80c299973e9ce77e380a97ce6a1ba0') in 0.014409 seconds 
  Import took 0.016948 seconds .

========================================================================
Received Import Request.
  Time since last request: 0.416995 seconds.
  path: Assets/Textures/sbs_tiny_texture_pack_128x128/Bricks/Brick 23 - 128x128.png
  artifactKey: Guid(bca90c8b5d3249446933aaa0c23ff4cd) Importer(815301076,1909f56bfc062723c751e8b465ee728b)
Start importing Assets/Textures/sbs_tiny_texture_pack_128x128/Bricks/Brick 23 - 128x128.png using Guid(bca90c8b5d3249446933aaa0c23ff4cd) Importer(815301076,1909f56bfc062723c751e8b465ee728b)  -> (artifact id: '9ceaf67c26f529817f578d5a635062a2') in 0.011937 seconds 
  Import took 0.014403 seconds .

========================================================================
Received Import Request.
  Time since last request: 0.000888 seconds.
  path: Assets/Textures/sbs_tiny_texture_pack_128x128/Bricks/Brick 23 - 128x128.png
  artifactKey: Guid(bca90c8b5d3249446933aaa0c23ff4cd) Importer(815301076,1909f56bfc062723c751e8b465ee728b)
Start importing Assets/Textures/sbs_tiny_texture_pack_128x128/Bricks/Brick 23 - 128x128.png using Guid(bca90c8b5d3249446933aaa0c23ff4cd) Importer(815301076,1909f56bfc062723c751e8b465ee728b)  -> (artifact id: '9ceaf67c26f529817f578d5a635062a2') in 0.011135 seconds 
  Import took 0.014092 seconds .

========================================================================
Received Import Request.
  Time since last request: 4.977831 seconds.
  path: Assets/Textures/sbs_tiny_texture_pack_128x128/Bricks/Brick 13 - 128x128.png
  artifactKey: Guid(35d45ff8a666eb34b88906cbb0c869a6) Importer(815301076,1909f56bfc062723c751e8b465ee728b)
Start importing Assets/Textures/sbs_tiny_texture_pack_128x128/Bricks/Brick 13 - 128x128.png using Guid(35d45ff8a666eb34b88906cbb0c869a6) Importer(815301076,1909f56bfc062723c751e8b465ee728b)  -> (artifact id: '3f2004622fef943f3ceee18f7f700318') in 0.010336 seconds 
  Import took 0.012749 seconds .

========================================================================
Received Import Request.
  Time since last request: 0.000619 seconds.
  path: Assets/Textures/sbs_tiny_texture_pack_128x128/Bricks/Brick 13 - 128x128.png
  artifactKey: Guid(35d45ff8a666eb34b88906cbb0c869a6) Importer(815301076,1909f56bfc062723c751e8b465ee728b)
Start importing Assets/Textures/sbs_tiny_texture_pack_128x128/Bricks/Brick 13 - 128x128.png using Guid(35d45ff8a666eb34b88906cbb0c869a6) Importer(815301076,1909f56bfc062723c751e8b465ee728b)  -> (artifact id: '3f2004622fef943f3ceee18f7f700318') in 0.012397 seconds 
  Import took 0.014705 seconds .

========================================================================
Received Import Request.
  Time since last request: 1.194789 seconds.
  path: Assets/Textures/sbs_tiny_texture_pack_128x128/Bricks/Brick 14 - 128x128.png
  artifactKey: Guid(3e6fb300c5bc6704aa88a9f3b61951ce) Importer(815301076,1909f56bfc062723c751e8b465ee728b)
Start importing Assets/Textures/sbs_tiny_texture_pack_128x128/Bricks/Brick 14 - 128x128.png using Guid(3e6fb300c5bc6704aa88a9f3b61951ce) Importer(815301076,1909f56bfc062723c751e8b465ee728b)  -> (artifact id: 'e499e1e946c0b91ce868fcd496c544f2') in 0.009895 seconds 
  Import took 0.012269 seconds .

========================================================================
Received Import Request.
  Time since last request: 0.000589 seconds.
  path: Assets/Textures/sbs_tiny_texture_pack_128x128/Bricks/Brick 14 - 128x128.png
  artifactKey: Guid(3e6fb300c5bc6704aa88a9f3b61951ce) Importer(815301076,1909f56bfc062723c751e8b465ee728b)
Start importing Assets/Textures/sbs_tiny_texture_pack_128x128/Bricks/Brick 14 - 128x128.png using Guid(3e6fb300c5bc6704aa88a9f3b61951ce) Importer(815301076,1909f56bfc062723c751e8b465ee728b)  -> (artifact id: 'e499e1e946c0b91ce868fcd496c544f2') in 0.014807 seconds 
  Import took 0.016825 seconds .

========================================================================
Received Import Request.
  Time since last request: 1.218854 seconds.
  path: Assets/Textures/sbs_tiny_texture_pack_128x128/Bricks/Brick 20 - 128x128.png
  artifactKey: Guid(a820f4c1f986cb042a7dbc02925cd59d) Importer(815301076,1909f56bfc062723c751e8b465ee728b)
Start importing Assets/Textures/sbs_tiny_texture_pack_128x128/Bricks/Brick 20 - 128x128.png using Guid(a820f4c1f986cb042a7dbc02925cd59d) Importer(815301076,1909f56bfc062723c751e8b465ee728b)  -> (artifact id: '7a8e0de08db4d397c6306d5615898f8f') in 0.010982 seconds 
  Import took 0.013291 seconds .

========================================================================
Received Import Request.
  Time since last request: 0.000963 seconds.
  path: Assets/Textures/sbs_tiny_texture_pack_128x128/Bricks/Brick 20 - 128x128.png
  artifactKey: Guid(a820f4c1f986cb042a7dbc02925cd59d) Importer(815301076,1909f56bfc062723c751e8b465ee728b)
Start importing Assets/Textures/sbs_tiny_texture_pack_128x128/Bricks/Brick 20 - 128x128.png using Guid(a820f4c1f986cb042a7dbc02925cd59d) Importer(815301076,1909f56bfc062723c751e8b465ee728b)  -> (artifact id: '7a8e0de08db4d397c6306d5615898f8f') in 0.013057 seconds 
  Import took 0.015211 seconds .

========================================================================
Received Import Request.
  Time since last request: 1.256256 seconds.
  path: Assets/Textures/sbs_tiny_texture_pack_128x128/Bricks/Brick 21 - 128x128.png
  artifactKey: Guid(90002b4986f7dd9448f8e8473c3bf085) Importer(815301076,1909f56bfc062723c751e8b465ee728b)
Start importing Assets/Textures/sbs_tiny_texture_pack_128x128/Bricks/Brick 21 - 128x128.png using Guid(90002b4986f7dd9448f8e8473c3bf085) Importer(815301076,1909f56bfc062723c751e8b465ee728b)  -> (artifact id: '24d2ac586fd99654cd944cfa2fa7d3df') in 0.009825 seconds 
  Import took 0.012359 seconds .

========================================================================
Received Import Request.
  Time since last request: 0.000667 seconds.
  path: Assets/Textures/sbs_tiny_texture_pack_128x128/Bricks/Brick 21 - 128x128.png
  artifactKey: Guid(90002b4986f7dd9448f8e8473c3bf085) Importer(815301076,1909f56bfc062723c751e8b465ee728b)
Start importing Assets/Textures/sbs_tiny_texture_pack_128x128/Bricks/Brick 21 - 128x128.png using Guid(90002b4986f7dd9448f8e8473c3bf085) Importer(815301076,1909f56bfc062723c751e8b465ee728b)  -> (artifact id: '24d2ac586fd99654cd944cfa2fa7d3df') in 0.009255 seconds 
  Import took 0.011910 seconds .

========================================================================
Received Import Request.
  Time since last request: 0.637638 seconds.
  path: Assets/Textures/sbs_tiny_texture_pack_128x128/Bricks/Brick 24 - 128x128.png
  artifactKey: Guid(b59efa2905a183846886a40d019c224c) Importer(815301076,1909f56bfc062723c751e8b465ee728b)
Start importing Assets/Textures/sbs_tiny_texture_pack_128x128/Bricks/Brick 24 - 128x128.png using Guid(b59efa2905a183846886a40d019c224c) Importer(815301076,1909f56bfc062723c751e8b465ee728b)  -> (artifact id: '32276f1e4ab72bb03030d910225a2bfc') in 0.010860 seconds 
  Import took 0.013700 seconds .

========================================================================
Received Import Request.
  Time since last request: 0.000585 seconds.
  path: Assets/Textures/sbs_tiny_texture_pack_128x128/Bricks/Brick 24 - 128x128.png
  artifactKey: Guid(b59efa2905a183846886a40d019c224c) Importer(815301076,1909f56bfc062723c751e8b465ee728b)
Start importing Assets/Textures/sbs_tiny_texture_pack_128x128/Bricks/Brick 24 - 128x128.png using Guid(b59efa2905a183846886a40d019c224c) Importer(815301076,1909f56bfc062723c751e8b465ee728b)  -> (artifact id: '32276f1e4ab72bb03030d910225a2bfc') in 0.013083 seconds 
  Import took 0.015147 seconds .

========================================================================
Received Import Request.
  Time since last request: 1.125315 seconds.
  path: Assets/Textures/sbs_tiny_texture_pack_128x128/Bricks/Brick 25 - 128x128.png
  artifactKey: Guid(5b2ab1bcd709db744968990de1029436) Importer(815301076,1909f56bfc062723c751e8b465ee728b)
Start importing Assets/Textures/sbs_tiny_texture_pack_128x128/Bricks/Brick 25 - 128x128.png using Guid(5b2ab1bcd709db744968990de1029436) Importer(815301076,1909f56bfc062723c751e8b465ee728b)  -> (artifact id: '73853c2d9a7fa03942b424756beed95e') in 0.010126 seconds 
  Import took 0.012976 seconds .

========================================================================
Received Import Request.
  Time since last request: 0.003316 seconds.
  path: Assets/Textures/sbs_tiny_texture_pack_128x128/Bricks/Brick 25 - 128x128.png
  artifactKey: Guid(5b2ab1bcd709db744968990de1029436) Importer(815301076,1909f56bfc062723c751e8b465ee728b)
Start importing Assets/Textures/sbs_tiny_texture_pack_128x128/Bricks/Brick 25 - 128x128.png using Guid(5b2ab1bcd709db744968990de1029436) Importer(815301076,1909f56bfc062723c751e8b465ee728b)  -> (artifact id: '73853c2d9a7fa03942b424756beed95e') in 0.008607 seconds 
  Import took 0.010896 seconds .

========================================================================
Received Import Request.
  Time since last request: 1176.208680 seconds.
  path: Assets/Textures/sbs_tiny_texture_pack_128x128/Wood/Wood 9 - 128x128.png
  artifactKey: Guid(412bd8f0595b4b94ca58254e0f58d3a7) Importer(815301076,1909f56bfc062723c751e8b465ee728b)
Start importing Assets/Textures/sbs_tiny_texture_pack_128x128/Wood/Wood 9 - 128x128.png using Guid(412bd8f0595b4b94ca58254e0f58d3a7) Importer(815301076,1909f56bfc062723c751e8b465ee728b)  -> (artifact id: 'f829b3944fcc56cd34d598147578b5fa') in 0.013183 seconds 
  Import took 0.016196 seconds .

========================================================================
Received Import Request.
  Time since last request: 1.240449 seconds.
  path: Assets/Textures/sbs_tiny_texture_pack_128x128/Wood/Wood 19 - 128x128.png
  artifactKey: Guid(a9c9229b79bd4db498bd66aeef85ed88) Importer(815301076,1909f56bfc062723c751e8b465ee728b)
Start importing Assets/Textures/sbs_tiny_texture_pack_128x128/Wood/Wood 19 - 128x128.png using Guid(a9c9229b79bd4db498bd66aeef85ed88) Importer(815301076,1909f56bfc062723c751e8b465ee728b)  -> (artifact id: '2b87699c2f5c169da8b00574bdd1018a') in 0.011909 seconds 
  Import took 0.014708 seconds .

========================================================================
Received Import Request.
  Time since last request: 0.354859 seconds.
  path: Assets/Textures/sbs_tiny_texture_pack_128x128/Wood/Wood 17 - 128x128.png
  artifactKey: Guid(31218b5e8702b694ebbbd7520ea397f9) Importer(815301076,1909f56bfc062723c751e8b465ee728b)
Start importing Assets/Textures/sbs_tiny_texture_pack_128x128/Wood/Wood 17 - 128x128.png using Guid(31218b5e8702b694ebbbd7520ea397f9) Importer(815301076,1909f56bfc062723c751e8b465ee728b)  -> (artifact id: '94f9a9b3ccde5db792d9bc105f1d251d') in 0.010305 seconds 
  Import took 0.012950 seconds .

========================================================================
Received Import Request.
  Time since last request: 0.001943 seconds.
  path: Assets/Textures/sbs_tiny_texture_pack_128x128/Wood/Wood 17 - 128x128.png
  artifactKey: Guid(31218b5e8702b694ebbbd7520ea397f9) Importer(815301076,1909f56bfc062723c751e8b465ee728b)
Start importing Assets/Textures/sbs_tiny_texture_pack_128x128/Wood/Wood 17 - 128x128.png using Guid(31218b5e8702b694ebbbd7520ea397f9) Importer(815301076,1909f56bfc062723c751e8b465ee728b)  -> (artifact id: '94f9a9b3ccde5db792d9bc105f1d251d') in 0.011962 seconds 
  Import took 0.014351 seconds .

========================================================================
Received Import Request.
  Time since last request: 29.511151 seconds.
  path: Assets/Textures/sbs_tiny_texture_pack_128x128/Wood/Wood 13 - 128x128.png
  artifactKey: Guid(b1bfbca28c0c93e4ca3d69f14d728a4b) Importer(815301076,1909f56bfc062723c751e8b465ee728b)
Start importing Assets/Textures/sbs_tiny_texture_pack_128x128/Wood/Wood 13 - 128x128.png using Guid(b1bfbca28c0c93e4ca3d69f14d728a4b) Importer(815301076,1909f56bfc062723c751e8b465ee728b)  -> (artifact id: '74897852a3579aca529a6f2ddca8bcc9') in 0.010363 seconds 
  Import took 0.012958 seconds .

========================================================================
Received Import Request.
  Time since last request: 0.453137 seconds.
  path: Assets/Textures/sbs_tiny_texture_pack_128x128/Wood/Wood 14 - 128x128.png
  artifactKey: Guid(92beb9112b4fff64eb954450307b0e08) Importer(815301076,1909f56bfc062723c751e8b465ee728b)
Start importing Assets/Textures/sbs_tiny_texture_pack_128x128/Wood/Wood 14 - 128x128.png using Guid(92beb9112b4fff64eb954450307b0e08) Importer(815301076,1909f56bfc062723c751e8b465ee728b)  -> (artifact id: 'b704a2dff75f0d9e659faa2fb1285b03') in 0.011074 seconds 
  Import took 0.013427 seconds .

========================================================================
Received Import Request.
  Time since last request: 0.408699 seconds.
  path: Assets/Textures/sbs_tiny_texture_pack_128x128/Wood/Wood 12 - 128x128.png
  artifactKey: Guid(3a22d8bd90afcf942baa8a6bd11fadc5) Importer(815301076,1909f56bfc062723c751e8b465ee728b)
Start importing Assets/Textures/sbs_tiny_texture_pack_128x128/Wood/Wood 12 - 128x128.png using Guid(3a22d8bd90afcf942baa8a6bd11fadc5) Importer(815301076,1909f56bfc062723c751e8b465ee728b)  -> (artifact id: '2c186bbd6bf8b47f6b9194e8b8701913') in 0.024441 seconds 
  Import took 0.027045 seconds .

========================================================================
Received Import Request.
  Time since last request: 0.725349 seconds.
  path: Assets/Textures/sbs_tiny_texture_pack_128x128/Wood/Wood 7 - 128x128.png
  artifactKey: Guid(fffedb020d3ca9741b3f25be7e7120dd) Importer(815301076,1909f56bfc062723c751e8b465ee728b)
Start importing Assets/Textures/sbs_tiny_texture_pack_128x128/Wood/Wood 7 - 128x128.png using Guid(fffedb020d3ca9741b3f25be7e7120dd) Importer(815301076,1909f56bfc062723c751e8b465ee728b)  -> (artifact id: '30005d66d35ec4c5bb97ccdf7c7f5ad8') in 0.010703 seconds 
  Import took 0.013131 seconds .

========================================================================
Received Import Request.
  Time since last request: 0.000343 seconds.
  path: Assets/Textures/sbs_tiny_texture_pack_128x128/Wood/Wood 7 - 128x128.png
  artifactKey: Guid(fffedb020d3ca9741b3f25be7e7120dd) Importer(815301076,1909f56bfc062723c751e8b465ee728b)
Start importing Assets/Textures/sbs_tiny_texture_pack_128x128/Wood/Wood 7 - 128x128.png using Guid(fffedb020d3ca9741b3f25be7e7120dd) Importer(815301076,1909f56bfc062723c751e8b465ee728b)  -> (artifact id: '30005d66d35ec4c5bb97ccdf7c7f5ad8') in 0.009161 seconds 
  Import took 0.011557 seconds .

========================================================================
Received Import Request.
  Time since last request: 1.066850 seconds.
  path: Assets/Textures/sbs_tiny_texture_pack_128x128/Wood/Wood 21 - 128x128.png
  artifactKey: Guid(c7a3c0945e6ad2246978cc5ab1090ffb) Importer(815301076,1909f56bfc062723c751e8b465ee728b)
Start importing Assets/Textures/sbs_tiny_texture_pack_128x128/Wood/Wood 21 - 128x128.png using Guid(c7a3c0945e6ad2246978cc5ab1090ffb) Importer(815301076,1909f56bfc062723c751e8b465ee728b)  -> (artifact id: 'a735885fefebef44681db9f6856555f9') in 0.011609 seconds 
  Import took 0.014410 seconds .

========================================================================
Received Import Request.
  Time since last request: 0.460454 seconds.
  path: Assets/Textures/sbs_tiny_texture_pack_128x128/Wood/Wood 22 - 128x128.png
  artifactKey: Guid(2442e8d855b4f34478aff3a545c9c5c7) Importer(815301076,1909f56bfc062723c751e8b465ee728b)
Start importing Assets/Textures/sbs_tiny_texture_pack_128x128/Wood/Wood 22 - 128x128.png using Guid(2442e8d855b4f34478aff3a545c9c5c7) Importer(815301076,1909f56bfc062723c751e8b465ee728b)  -> (artifact id: '544e4fe2d714ae0b6cc800c96a1dfe29') in 0.011070 seconds 
  Import took 0.013404 seconds .

========================================================================
Received Import Request.
  Time since last request: 0.001023 seconds.
  path: Assets/Textures/sbs_tiny_texture_pack_128x128/Wood/Wood 22 - 128x128.png
  artifactKey: Guid(2442e8d855b4f34478aff3a545c9c5c7) Importer(815301076,1909f56bfc062723c751e8b465ee728b)
Start importing Assets/Textures/sbs_tiny_texture_pack_128x128/Wood/Wood 22 - 128x128.png using Guid(2442e8d855b4f34478aff3a545c9c5c7) Importer(815301076,1909f56bfc062723c751e8b465ee728b)  -> (artifact id: '544e4fe2d714ae0b6cc800c96a1dfe29') in 0.008031 seconds 
  Import took 0.009961 seconds .

========================================================================
Received Import Request.
  Time since last request: 0.821089 seconds.
  path: Assets/Textures/sbs_tiny_texture_pack_128x128/Wood/Wood 18 - 128x128.png
  artifactKey: Guid(c1c99ab87e5381d4ebe91f7b4669da09) Importer(815301076,1909f56bfc062723c751e8b465ee728b)
Start importing Assets/Textures/sbs_tiny_texture_pack_128x128/Wood/Wood 18 - 128x128.png using Guid(c1c99ab87e5381d4ebe91f7b4669da09) Importer(815301076,1909f56bfc062723c751e8b465ee728b)  -> (artifact id: 'd48373ce810561b6a733a8d9e9136532') in 0.011441 seconds 
  Import took 0.014262 seconds .

========================================================================
Received Import Request.
  Time since last request: 0.001230 seconds.
  path: Assets/Textures/sbs_tiny_texture_pack_128x128/Wood/Wood 18 - 128x128.png
  artifactKey: Guid(c1c99ab87e5381d4ebe91f7b4669da09) Importer(815301076,1909f56bfc062723c751e8b465ee728b)
Start importing Assets/Textures/sbs_tiny_texture_pack_128x128/Wood/Wood 18 - 128x128.png using Guid(c1c99ab87e5381d4ebe91f7b4669da09) Importer(815301076,1909f56bfc062723c751e8b465ee728b)  -> (artifact id: 'd48373ce810561b6a733a8d9e9136532') in 0.009077 seconds 
  Import took 0.010948 seconds .

========================================================================
Received Import Request.
  Time since last request: 0.320332 seconds.
  path: Assets/Textures/sbs_tiny_texture_pack_128x128/Wood/Wood 15 - 128x128.png
  artifactKey: Guid(826479d8c283b80488767985e9500ec2) Importer(815301076,1909f56bfc062723c751e8b465ee728b)
Start importing Assets/Textures/sbs_tiny_texture_pack_128x128/Wood/Wood 15 - 128x128.png using Guid(826479d8c283b80488767985e9500ec2) Importer(815301076,1909f56bfc062723c751e8b465ee728b)  -> (artifact id: '4cf49e0cd6a774bf06b58be5f9540a59') in 0.011129 seconds 
  Import took 0.013529 seconds .

========================================================================
Received Import Request.
  Time since last request: 0.001064 seconds.
  path: Assets/Textures/sbs_tiny_texture_pack_128x128/Wood/Wood 15 - 128x128.png
  artifactKey: Guid(826479d8c283b80488767985e9500ec2) Importer(815301076,1909f56bfc062723c751e8b465ee728b)
Start importing Assets/Textures/sbs_tiny_texture_pack_128x128/Wood/Wood 15 - 128x128.png using Guid(826479d8c283b80488767985e9500ec2) Importer(815301076,1909f56bfc062723c751e8b465ee728b)  -> (artifact id: '4cf49e0cd6a774bf06b58be5f9540a59') in 0.009872 seconds 
  Import took 0.012125 seconds .

========================================================================
Received Import Request.
  Time since last request: 2.093613 seconds.
  path: Assets/Textures/sbs_tiny_texture_pack_128x128/Wood/Wood 16 - 128x128.png
  artifactKey: Guid(e40b99d12c6c45d48a246ef106c70773) Importer(815301076,1909f56bfc062723c751e8b465ee728b)
Start importing Assets/Textures/sbs_tiny_texture_pack_128x128/Wood/Wood 16 - 128x128.png using Guid(e40b99d12c6c45d48a246ef106c70773) Importer(815301076,1909f56bfc062723c751e8b465ee728b)  -> (artifact id: '6326ea0084f7f569b4ad0414f00b7998') in 0.011041 seconds 
  Import took 0.013677 seconds .

========================================================================
Received Import Request.
  Time since last request: 2.130226 seconds.
  path: Assets/Textures/sbs_tiny_texture_pack_128x128/Wood/Wood 8 - 128x128.png
  artifactKey: Guid(45761c8126006bc499e40c51b180ffd5) Importer(815301076,1909f56bfc062723c751e8b465ee728b)
Start importing Assets/Textures/sbs_tiny_texture_pack_128x128/Wood/Wood 8 - 128x128.png using Guid(45761c8126006bc499e40c51b180ffd5) Importer(815301076,1909f56bfc062723c751e8b465ee728b)  -> (artifact id: '6707a0800e5ae8839fc98e5ec9c4f331') in 0.013043 seconds 
  Import took 0.015465 seconds .

========================================================================
Received Import Request.
  Time since last request: 0.000536 seconds.
  path: Assets/Textures/sbs_tiny_texture_pack_128x128/Wood/Wood 8 - 128x128.png
  artifactKey: Guid(45761c8126006bc499e40c51b180ffd5) Importer(815301076,1909f56bfc062723c751e8b465ee728b)
Start importing Assets/Textures/sbs_tiny_texture_pack_128x128/Wood/Wood 8 - 128x128.png using Guid(45761c8126006bc499e40c51b180ffd5) Importer(815301076,1909f56bfc062723c751e8b465ee728b)  -> (artifact id: '6707a0800e5ae8839fc98e5ec9c4f331') in 0.007883 seconds 
  Import took 0.009768 seconds .

========================================================================
Received Import Request.
  Time since last request: 0.962465 seconds.
  path: Assets/Textures/sbs_tiny_texture_pack_128x128/Wood/Wood 6 - 128x128.png
  artifactKey: Guid(ad735e6fad64d04458d2fe85ffeee38d) Importer(815301076,1909f56bfc062723c751e8b465ee728b)
Start importing Assets/Textures/sbs_tiny_texture_pack_128x128/Wood/Wood 6 - 128x128.png using Guid(ad735e6fad64d04458d2fe85ffeee38d) Importer(815301076,1909f56bfc062723c751e8b465ee728b)  -> (artifact id: '7c878ef7ae6c390a04a222fba5c8dbfb') in 0.011999 seconds 
  Import took 0.014691 seconds .

========================================================================
Received Import Request.
  Time since last request: 0.000401 seconds.
  path: Assets/Textures/sbs_tiny_texture_pack_128x128/Wood/Wood 6 - 128x128.png
  artifactKey: Guid(ad735e6fad64d04458d2fe85ffeee38d) Importer(815301076,1909f56bfc062723c751e8b465ee728b)
Start importing Assets/Textures/sbs_tiny_texture_pack_128x128/Wood/Wood 6 - 128x128.png using Guid(ad735e6fad64d04458d2fe85ffeee38d) Importer(815301076,1909f56bfc062723c751e8b465ee728b)  -> (artifact id: '7c878ef7ae6c390a04a222fba5c8dbfb') in 0.008941 seconds 
  Import took 0.010949 seconds .

========================================================================
Received Import Request.
  Time since last request: 0.397276 seconds.
  path: Assets/Textures/sbs_tiny_texture_pack_128x128/Wood/Wood 5 - 128x128.png
  artifactKey: Guid(e17ad74b523a04f43a7b7720cbc971a2) Importer(815301076,1909f56bfc062723c751e8b465ee728b)
Start importing Assets/Textures/sbs_tiny_texture_pack_128x128/Wood/Wood 5 - 128x128.png using Guid(e17ad74b523a04f43a7b7720cbc971a2) Importer(815301076,1909f56bfc062723c751e8b465ee728b)  -> (artifact id: '8ac1671a505cda371b19aadb88fa9bf8') in 0.011040 seconds 
  Import took 0.013614 seconds .

========================================================================
Received Import Request.
  Time since last request: 0.000969 seconds.
  path: Assets/Textures/sbs_tiny_texture_pack_128x128/Wood/Wood 5 - 128x128.png
  artifactKey: Guid(e17ad74b523a04f43a7b7720cbc971a2) Importer(815301076,1909f56bfc062723c751e8b465ee728b)
Start importing Assets/Textures/sbs_tiny_texture_pack_128x128/Wood/Wood 5 - 128x128.png using Guid(e17ad74b523a04f43a7b7720cbc971a2) Importer(815301076,1909f56bfc062723c751e8b465ee728b)  -> (artifact id: '8ac1671a505cda371b19aadb88fa9bf8') in 0.010826 seconds 
  Import took 0.013077 seconds .

========================================================================
Received Import Request.
  Time since last request: 0.797960 seconds.
  path: Assets/Textures/sbs_tiny_texture_pack_128x128/Wood/Wood 4 - 128x128.png
  artifactKey: Guid(167f943009f20384382594bc60d66f27) Importer(815301076,1909f56bfc062723c751e8b465ee728b)
Start importing Assets/Textures/sbs_tiny_texture_pack_128x128/Wood/Wood 4 - 128x128.png using Guid(167f943009f20384382594bc60d66f27) Importer(815301076,1909f56bfc062723c751e8b465ee728b)  -> (artifact id: '6d4b03dbe07159f122461f5f4a4968b3') in 0.011405 seconds 
  Import took 0.014042 seconds .

========================================================================
Received Import Request.
  Time since last request: 0.001237 seconds.
  path: Assets/Textures/sbs_tiny_texture_pack_128x128/Wood/Wood 4 - 128x128.png
  artifactKey: Guid(167f943009f20384382594bc60d66f27) Importer(815301076,1909f56bfc062723c751e8b465ee728b)
Start importing Assets/Textures/sbs_tiny_texture_pack_128x128/Wood/Wood 4 - 128x128.png using Guid(167f943009f20384382594bc60d66f27) Importer(815301076,1909f56bfc062723c751e8b465ee728b)  -> (artifact id: '6d4b03dbe07159f122461f5f4a4968b3') in 0.015932 seconds 
  Import took 0.017998 seconds .

========================================================================
Received Import Request.
  Time since last request: 0.956956 seconds.
  path: Assets/Textures/sbs_tiny_texture_pack_128x128/Wood/Wood 3 - 128x128.png
  artifactKey: Guid(c8991bb301427de438c451a57e570d1c) Importer(815301076,1909f56bfc062723c751e8b465ee728b)
Start importing Assets/Textures/sbs_tiny_texture_pack_128x128/Wood/Wood 3 - 128x128.png using Guid(c8991bb301427de438c451a57e570d1c) Importer(815301076,1909f56bfc062723c751e8b465ee728b)  -> (artifact id: '607b117a810b2755b6232df6ca3a9bdd') in 0.010444 seconds 
  Import took 0.013166 seconds .

========================================================================
Received Import Request.
  Time since last request: 0.001428 seconds.
  path: Assets/Textures/sbs_tiny_texture_pack_128x128/Wood/Wood 3 - 128x128.png
  artifactKey: Guid(c8991bb301427de438c451a57e570d1c) Importer(815301076,1909f56bfc062723c751e8b465ee728b)
Start importing Assets/Textures/sbs_tiny_texture_pack_128x128/Wood/Wood 3 - 128x128.png using Guid(c8991bb301427de438c451a57e570d1c) Importer(815301076,1909f56bfc062723c751e8b465ee728b)  -> (artifact id: '607b117a810b2755b6232df6ca3a9bdd') in 0.008362 seconds 
  Import took 0.010626 seconds .

========================================================================
Received Import Request.
  Time since last request: 1.672257 seconds.
  path: Assets/Textures/sbs_tiny_texture_pack_128x128/Wood/Wood 2 - 128x128.png
  artifactKey: Guid(67c7c0ef0a13ddb4fbe97d2c266fc3a1) Importer(815301076,1909f56bfc062723c751e8b465ee728b)
Start importing Assets/Textures/sbs_tiny_texture_pack_128x128/Wood/Wood 2 - 128x128.png using Guid(67c7c0ef0a13ddb4fbe97d2c266fc3a1) Importer(815301076,1909f56bfc062723c751e8b465ee728b)  -> (artifact id: 'df93ef25f8a5b4a2c9e51ad20e165a21') in 0.009874 seconds 
  Import took 0.012715 seconds .

========================================================================
Received Import Request.
  Time since last request: 0.001376 seconds.
  path: Assets/Textures/sbs_tiny_texture_pack_128x128/Wood/Wood 2 - 128x128.png
  artifactKey: Guid(67c7c0ef0a13ddb4fbe97d2c266fc3a1) Importer(815301076,1909f56bfc062723c751e8b465ee728b)
Start importing Assets/Textures/sbs_tiny_texture_pack_128x128/Wood/Wood 2 - 128x128.png using Guid(67c7c0ef0a13ddb4fbe97d2c266fc3a1) Importer(815301076,1909f56bfc062723c751e8b465ee728b)  -> (artifact id: 'df93ef25f8a5b4a2c9e51ad20e165a21') in 0.009126 seconds 
  Import took 0.011331 seconds .

========================================================================
Received Prepare
Registering precompiled user dll's ...
Registered in 0.005574 seconds.
Begin MonoManager ReloadAssembly
Native extension for WindowsStandalone target not found
Native extension for WebGL target not found
Refreshing native plugins compatible for Editor in 0.47 ms, found 2 plugins.
Preloading 0 native plugins for Editor in 0.00 ms.
Mono: successfully reloaded assembly
- Completed reload, in  0.933 seconds
Domain Reload Profiling:
	ReloadAssembly (937ms)
		BeginReloadAssembly (158ms)
			ExecutionOrderSort (0ms)
			DisableScriptedObjects (13ms)
			BackupInstance (0ms)
			ReleaseScriptingObjects (0ms)
			CreateAndSetChildDomain (64ms)
		EndReloadAssembly (723ms)
			LoadAssemblies (76ms)
			RebuildTransferFunctionScriptingTraits (0ms)
			SetupTypeCache (234ms)
			ReleaseScriptCaches (1ms)
			RebuildScriptCaches (33ms)
			SetupLoadedEditorAssemblies (291ms)
				LogAssemblyErrors (0ms)
				InitializePlatformSupportModulesInManaged (6ms)
				SetLoadedEditorAssemblies (0ms)
				RefreshPlugins (1ms)
				BeforeProcessingInitializeOnLoad (71ms)
				ProcessInitializeOnLoadAttributes (205ms)
				ProcessInitializeOnLoadMethodAttributes (3ms)
				AfterProcessingInitializeOnLoad (5ms)
				EditorAssembliesLoaded (0ms)
			ExecutionOrderSort2 (0ms)
			AwakeInstancesAfterBackupRestoration (5ms)
Platform modules already initialized, skipping
Refreshing native plugins compatible for Editor in 0.36 ms, found 2 plugins.
Preloading 0 native plugins for Editor in 0.00 ms.
Unloading 1391 Unused Serialized files (Serialized files now loaded: 0)
System memory in use before: 64.8 MB.
System memory in use after: 64.9 MB.

Unloading 13 unused Assets to reduce memory usage. Loaded Objects now: 1836.
Total: 2.702800 ms (FindLiveObjects: 0.153900 ms CreateObjectMapping: 0.031900 ms MarkObjects: 2.497600 ms  DeleteObjects: 0.018600 ms)

AssetImportParameters requested are different than current active one (requested -> active):
  custom:framework-win-MediaFoundation: 216162199b28c13a410421893ffa2e32 -> 
  custom:video-decoder-ogg-theora: a1e56fd34408186e4bbccfd4996cb3dc -> 
  custom:container-muxer-webm: aa71ff27fc2769a1b78a27578f13a17b -> 
  custom:container-demuxer-webm: 4f35f7cbe854078d1ac9338744f61a02 -> 
  custom:container-demuxer-ogg: 62fdf1f143b41e24485cea50d1cbac27 -> 
  custom:video-encoder-webm-vp8: eb34c28f22e8b96e1ab97ce403110664 -> 
  custom:video-decoder-webm-vp8: 9c59270c3fd7afecdb556c50c9e8de78 -> 
  custom:audio-decoder-ogg-vorbis: bf7c407c2cedff20999df2af8eb42d56 -> 
  custom:audio-encoder-webm-vorbis: bf7c407c2cedff20999df2af8eb42d56 -> 
========================================================================
Received Import Request.
  Time since last request: 747.860586 seconds.
  path: Assets/Textures/sbs_tiny_texture_pack_128x128/Bricks/Brick 1 - 128x128.png
  artifactKey: Guid(56fa3a28fcf074443a8b83a09437c15b) Importer(815301076,1909f56bfc062723c751e8b465ee728b)
Start importing Assets/Textures/sbs_tiny_texture_pack_128x128/Bricks/Brick 1 - 128x128.png using Guid(56fa3a28fcf074443a8b83a09437c15b) Importer(815301076,1909f56bfc062723c751e8b465ee728b)  -> (artifact id: '4e47b5a06e5206f9781bc9ee13a45d98') in 0.035421 seconds 
  Import took 0.038132 seconds .

========================================================================
Received Import Request.
  Time since last request: 560.633337 seconds.
  path: Assets/Textures/sbs_tiny_texture_pack_128x128/Bricks/Brick 23 - 128x128.png
  artifactKey: Guid(bca90c8b5d3249446933aaa0c23ff4cd) Importer(815301076,1909f56bfc062723c751e8b465ee728b)
Start importing Assets/Textures/sbs_tiny_texture_pack_128x128/Bricks/Brick 23 - 128x128.png using Guid(bca90c8b5d3249446933aaa0c23ff4cd) Importer(815301076,1909f56bfc062723c751e8b465ee728b)  -> (artifact id: '4c688476c24ba2ed37c550e0f740aa3c') in 0.014132 seconds 
  Import took 0.016714 seconds .

========================================================================
Received Import Request.
  Time since last request: 2.573767 seconds.
  path: Assets/Textures/sbs_tiny_texture_pack_128x128/Bricks/Brick 23 - 128x128.png
  artifactKey: Guid(bca90c8b5d3249446933aaa0c23ff4cd) Importer(815301076,1909f56bfc062723c751e8b465ee728b)
Start importing Assets/Textures/sbs_tiny_texture_pack_128x128/Bricks/Brick 23 - 128x128.png using Guid(bca90c8b5d3249446933aaa0c23ff4cd) Importer(815301076,1909f56bfc062723c751e8b465ee728b)  -> (artifact id: '8ab61e39e6ae861b8d2d54a79cec9b97') in 0.012817 seconds 
  Import took 0.015159 seconds .

========================================================================
Received Import Request.
  Time since last request: 40.841570 seconds.
  path: Assets/Textures/sbs_tiny_texture_pack_128x128/Wood/Wood 2 - 128x128.png
  artifactKey: Guid(67c7c0ef0a13ddb4fbe97d2c266fc3a1) Importer(815301076,1909f56bfc062723c751e8b465ee728b)
Start importing Assets/Textures/sbs_tiny_texture_pack_128x128/Wood/Wood 2 - 128x128.png using Guid(67c7c0ef0a13ddb4fbe97d2c266fc3a1) Importer(815301076,1909f56bfc062723c751e8b465ee728b)  -> (artifact id: '824553094794f445c2b409da82c0eb9a') in 0.009869 seconds 
  Import took 0.012798 seconds .

========================================================================
Received Import Request.
  Time since last request: 8.466993 seconds.
  path: Assets/Textures/sbs_tiny_texture_pack_128x128/Wood/Wood 2 - 128x128.png
  artifactKey: Guid(67c7c0ef0a13ddb4fbe97d2c266fc3a1) Importer(815301076,1909f56bfc062723c751e8b465ee728b)
Start importing Assets/Textures/sbs_tiny_texture_pack_128x128/Wood/Wood 2 - 128x128.png using Guid(67c7c0ef0a13ddb4fbe97d2c266fc3a1) Importer(815301076,1909f56bfc062723c751e8b465ee728b)  -> (artifact id: 'df3c1298ad39b6ed7c5be316687a5503') in 0.009945 seconds 
  Import took 0.012285 seconds .

========================================================================
Received Import Request.
  Time since last request: 3.924789 seconds.
  path: Assets/Textures/sbs_tiny_texture_pack_128x128/Wood/Wood 2 - 128x128.png
  artifactKey: Guid(67c7c0ef0a13ddb4fbe97d2c266fc3a1) Importer(815301076,1909f56bfc062723c751e8b465ee728b)
Start importing Assets/Textures/sbs_tiny_texture_pack_128x128/Wood/Wood 2 - 128x128.png using Guid(67c7c0ef0a13ddb4fbe97d2c266fc3a1) Importer(815301076,1909f56bfc062723c751e8b465ee728b)  -> (artifact id: '6ea465919e51c8a11e634e7069222541') in 0.008731 seconds 
  Import took 0.011693 seconds .

